#
# A fatal error has been detected by the Java Runtime Environment:
#
#  SIGSEGV (0xb) at pc=0x000000013a327fc8, pid=95702, tid=259
#
# JRE version: OpenJDK Runtime Environment Temurin-17.0.16+8 (17.0.16+8) (build 17.0.16+8)
# Java VM: OpenJDK 64-Bit Server VM Temurin-17.0.16+8 (17.0.16+8, mixed mode, sharing, tiered, compressed oops, compressed class ptrs, g1 gc, bsd-aarch64)
# Problematic frame:
# C  [libhalsim_gui.dylib+0x1bfc8]  std::__1::__function::__func<halsimgui::NetworkTablesSimGui::Initialize()::$_0, std::__1::allocator<halsimgui::NetworkTablesSimGui::Initialize()::$_0>, void ()>::operator()()+0x8
#
# No core dump will be written. Core dumps have been disabled. To enable core dumping, try "ulimit -c unlimited" before starting Java again
#
# If you would like to submit a bug report, please visit:
#   https://github.com/adoptium/adoptium-support/issues
# The crash happened outside the Java Virtual Machine in native code.
# See problematic frame for where to report the bug.
#

---------------  S U M M A R Y ------------

Command Line: -agentlib:jdwp=transport=dt_socket,server=n,suspend=y,address=localhost:56424 -Djava.library.path=/Users/cjbrandi/Rebuilt26/build/jni/release -XX:+ShowCodeDetailsInExceptionMessages frc.robot.Main

Host: "Mac16,1" arm64, 10 cores, 16G, Darwin 25.1.0, macOS 26.1 (25B78)
Time: Fri Mar 27 21:41:23 2026 EDT elapsed time: 3258.588295 seconds (0d 0h 54m 18s)

---------------  T H R E A D  ---------------

Current thread (0x0000000104cb4910):  JavaThread "main" [_thread_in_native, id=259, stack(0x000000016b038000,0x000000016b834000)]

Stack: [0x000000016b038000,0x000000016b834000],  sp=0x000000016b830220,  free space=8160k
Native frames: (J=compiled Java code, j=interpreted, Vv=VM code, C=native code)
C  [libhalsim_gui.dylib+0x1bfc8]  std::__1::__function::__func<halsimgui::NetworkTablesSimGui::Initialize()::$_0, std::__1::allocator<halsimgui::NetworkTablesSimGui::Initialize()::$_0>, void ()>::operator()()+0x8
C  [libhalsim_gui.dylib+0xae1bc]  wpi::gui::PlatformRenderFrame()+0x258
C  [libhalsim_gui.dylib+0x9b438]  wpi::gui::Main()+0x180
C  [libhalsim_gui.dylib+0x1b078]  HALSIM_InitExtension::$_7::__invoke(void*)+0xc
j  edu.wpi.first.hal.HAL.runMain()V+0
j  edu.wpi.first.wpilibj.RobotBase.startRobot(Ljava/util/function/Supplier;)V+85
j  frc.robot.Main.main([Ljava/lang/String;)V+5
v  ~StubRoutines::call_stub
V  [libjvm.dylib+0x45d854]  JavaCalls::call_helper(JavaValue*, methodHandle const&, JavaCallArguments*, JavaThread*)+0x3d8
V  [libjvm.dylib+0x4c5514]  jni_invoke_static(JNIEnv_*, JavaValue*, _jobject*, JNICallType, _jmethodID*, JNI_ArgumentPusher*, JavaThread*)+0x158
V  [libjvm.dylib+0x4c8c98]  jni_CallStaticVoidMethod+0x130
C  [libjli.dylib+0xad3c]  JavaMain+0x63c
C  [libjli.dylib+0xdb28]  __JVMInit_block_invoke+0x48
C  [Foundation+0x1d878]  __NSBLOCKOPERATION_IS_CALLING_OUT_TO_A_BLOCK__+0x18
C  [Foundation+0x1d740]  -[NSBlockOperation main]+0x60
C  [Foundation+0x1d6d8]  __NSOPERATION_IS_INVOKING_MAIN__+0x10
C  [Foundation+0x1d308]  -[NSOperation start]+0x280
C  [Foundation+0x38114]  __NSThreadPerformPerform+0x108
C  [CoreFoundation+0x5f9e8]  __CFRUNLOOP_IS_CALLING_OUT_TO_A_SOURCE0_PERFORM_FUNCTION__+0x1c
C  [CoreFoundation+0x5f97c]  __CFRunLoopDoSource0+0xac
C  [CoreFoundation+0x5f6e8]  __CFRunLoopDoSources0+0xe8
C  [CoreFoundation+0x5e378]  __CFRunLoopRun+0x334
C  [CoreFoundation+0x11835c]  _CFRunLoopRunSpecificWithOptions+0x214
C  [libjli.dylib+0xd1d4]  CreateExecutionEnvironment+0x194
C  [libjli.dylib+0x9200]  JLI_Launch+0x4d0
C  [java+0x3ba0]  main+0x198
C  [dyld+0x8d54]  start+0x1c10

Java frames: (J=compiled Java code, j=interpreted, Vv=VM code)
j  edu.wpi.first.hal.HAL.runMain()V+0
j  edu.wpi.first.wpilibj.RobotBase.startRobot(Ljava/util/function/Supplier;)V+85
j  frc.robot.Main.main([Ljava/lang/String;)V+5
v  ~StubRoutines::call_stub

siginfo: si_signo: 11 (SIGSEGV), si_code: 2 (SEGV_ACCERR), si_addr: 0x0000000000000000

Registers:
 x0=0x0000000000000000  x1=0x000000096aea8000  x2=0x0000000000000010  x3=0x00000000ffe6e6e6
 x4=0x000000016b82fd90  x5=0x000000013b1a8768  x6=0x000000013b1a876c  x7=0x0000000000000000
 x8=0x000000013b1e6000  x9=0x000000096d144100 x10=0x0000000000000080 x11=0x0000000000000000
x12=0x0000000000000000 x13=0x4434000044a00000 x14=0x000000000000009f x15=0x0000000042780000
x16=0x0000000131b4bc1c x17=0x0000000000000012 x18=0x0000000000000000 x19=0x000000013b1ee000
x20=0x0000000000000003 x21=0x0000000000000078 x22=0x000000096cc0c0e0 x23=0x000000096a0a4960
x24=0x000000096ae39380 x25=0x000000096ae39380 x26=0x000000013b1eeb20 x27=0x000000013b1e8000
x28=0x0000000104cb4910  fp=0x000000016b830240  lr=0x000000013a3a7554  sp=0x000000016b830220
pc=0x000000013a327fc8 cpsr=0x0000000080000000

Register to memory mapping:

 x0=0x0 is NULL
 x1=0x000000096aea8000 points into unknown readable memory: 0x0000000000000101 | 01 01 00 00 00 00 00 00
 x2=0x0000000000000010 is an unknown value
 x3=0x00000000ffe6e6e6 is an unknown value
 x4=0x000000016b82fd90 is pointing into the stack for thread: 0x0000000104cb4910
 x5=0x000000013b1a8768: <offset 0xe9c768> in /Users/cjbrandi/Rebuilt26/build/jni/release/libhalsim_gui.dylib at 0x000000013a30c000
 x6=0x000000013b1a876c: <offset 0xe9c76c> in /Users/cjbrandi/Rebuilt26/build/jni/release/libhalsim_gui.dylib at 0x000000013a30c000
 x7=0x0 is NULL
 x8=